# JRE version: Java(TM) SE Runtime Environment (8.0_211-b12) (build 1.8.0_211-b12)
# Java VM: Java HotSpot(TM) 64-Bit Server VM (25.211-b12 mixed mode windows-amd64 compressed oops)
Heap:
 PSYoungGen      total 148480K, used 16708K [0x00000000f5580000, 0x00000000fff80000, 0x0000000100000000)
  eden space 123392K, 0% used [0x00000000f5580000,0x00000000f55c8d80,0x00000000fce00000)
  from space 25088K, 65% used [0x00000000fe680000,0x00000000ff688370,0x00000000fff00000)
  to   space 25088K, 0% used [0x00000000fce00000,0x00000000fce00000,0x00000000fe680000)
 ParOldGen       total 349696K, used 187398K [0x00000000e0000000, 0x00000000f5580000, 0x00000000f5580000)
  object space 349696K, 53% used [0x00000000e0000000,0x00000000eb701a18,0x00000000f5580000)
 Metaspace       used 92742K, capacity 100214K, committed 100480K, reserved 1136640K
  class space    used 11887K, capacity 13331K, committed 13440K, reserved 1048576K
GC Heap History (10 events):
Event: 12162.768 GC heap before
{Heap before GC invocations=102 (full 6):
 PSYoungGen      total 143360K, used 127278K [0x00000000f5580000, 0x00000000ffe00000, 0x0000000100000000)
  eden space 113664K, 100% used [0x00000000f5580000,0x00000000fc480000,0x00000000fc480000)
  from space 29696K, 45% used [0x00000000fc480000,0x00000000fd1cb968,0x00000000fe180000)
  to   space 28160K, 0% used [0x00000000fe280000,0x00000000fe280000,0x00000000ffe00000)
 ParOldGen       total 349696K, used 170461K [0x00000000e0000000, 0x00000000f5580000, 0x00000000f5580000)
  object space 349696K, 48% used [0x00000000e0000000,0x00000000ea6777a0,0x00000000f5580000)
 Metaspace       used 92528K, capacity 99916K, committed 100224K, reserved 1136640K
  class space    used 11883K, capacity 13324K, committed 13440K, reserved 1048576K
Event: 12162.780 GC heap after
Heap after GC invocations=102 (full 6):
 PSYoungGen      total 144384K, used 9945K [0x00000000f5580000, 0x00000000ffd80000, 0x0000000100000000)
  eden space 116736K, 0% used [0x00000000f5580000,0x00000000f5580000,0x00000000fc780000)
  from space 27648K, 35% used [0x00000000fe280000,0x00000000fec366a0,0x00000000ffd80000)
  to   space 27648K, 0% used [0x00000000fc780000,0x00000000fc780000,0x00000000fe280000)
 ParOldGen       total 349696K, used 176331K [0x00000000e0000000, 0x00000000f5580000, 0x00000000f5580000)
  object space 349696K, 50% used [0x00000000e0000000,0x00000000eac32c00,0x00000000f5580000)
 Metaspace       used 92528K, capacity 99916K, committed 100224K, reserved 1136640K
  class space    used 11883K, capacity 13324K, committed 13440K, reserved 1048576K
}
Event: 12163.440 GC heap before
{Heap before GC invocations=103 (full 6):
 PSYoungGen      total 144384K, used 126681K [0x00000000f5580000, 0x00000000ffd80000, 0x0000000100000000)
  eden space 116736K, 100% used [0x00000000f5580000,0x00000000fc780000,0x00000000fc780000)
  from space 27648K, 35% used [0x00000000fe280000,0x00000000fec366a0,0x00000000ffd80000)
  to   space 27648K, 0% used [0x00000000fc780000,0x00000000fc780000,0x00000000fe280000)
 ParOldGen       total 349696K, used 176331K [0x00000000e0000000, 0x00000000f5580000, 0x00000000f5580000)
  object space 349696K, 50% used [0x00000000e0000000,0x00000000eac32c00,0x00000000f5580000)
 Metaspace       used 92608K, capacity 100022K, committed 100224K, reserved 1136640K
  class space    used 11887K, capacity 13331K, committed 13440K, reserved 1048576K
Event: 12163.465 GC heap after
Heap after GC invocations=103 (full 6):
 PSYoungGen      total 144384K, used 10074K [0x00000000f5580000, 0x00000000ffe00000, 0x0000000100000000)
  eden space 116736K, 0% used [0x00000000f5580000,0x00000000f5580000,0x00000000fc780000)
  from space 27648K, 36% used [0x00000000fc780000,0x00000000fd156808,0x00000000fe280000)
  to   space 26624K, 0% used [0x00000000fe400000,0x00000000fe400000,0x00000000ffe00000)
 ParOldGen       total 349696K, used 179655K [0x00000000e0000000, 0x00000000f5580000, 0x00000000f5580000)
  object space 349696K, 51% used [0x00000000e0000000,0x00000000eaf71f08,0x00000000f5580000)
 Metaspace       used 92608K, capacity 100022K, committed 100224K, reserved 1136640K
  class space    used 11887K, capacity 13331K, committed 13440K, reserved 1048576K
}
Event: 12163.919 GC heap before
{Heap before GC invocations=104 (full 6):
 PSYoungGen      total 144384K, used 126810K [0x00000000f5580000, 0x00000000ffe00000, 0x0000000100000000)
  eden space 116736K, 100% used [0x00000000f5580000,0x00000000fc780000,0x00000000fc780000)
  from space 27648K, 36% used [0x00000000fc780000,0x00000000fd156808,0x00000000fe280000)
  to   space 26624K, 0% used [0x00000000fe400000,0x00000000fe400000,0x00000000ffe00000)
 ParOldGen       total 349696K, used 179655K [0x00000000e0000000, 0x00000000f5580000, 0x00000000f5580000)
  object space 349696K, 51% used [0x00000000e0000000,0x00000000eaf71f08,0x00000000f5580000)
 Metaspace       used 92674K, capacity 100086K, committed 100224K, reserved 1136640K
  class space    used 11887K, capacity 13331K, committed 13440K, reserved 1048576K
Event: 12163.929 GC heap after
Heap after GC invocations=104 (full 6):
 PSYoungGen      total 145920K, used 13655K [0x00000000f5580000, 0x00000000ffd00000, 0x0000000100000000)
  eden space 120320K, 0% used [0x00000000f5580000,0x00000000f5580000,0x00000000fcb00000)
  from space 25600K, 53% used [0x00000000fe400000,0x00000000ff155d30,0x00000000ffd00000)
  to   space 25600K, 0% used [0x00000000fcb00000,0x00000000fcb00000,0x00000000fe400000)
 ParOldGen       total 349696K, used 180812K [0x00000000e0000000, 0x00000000f5580000, 0x00000000f5580000)
  object space 349696K, 51% used [0x00000000e0000000,0x00000000eb093120,0x00000000f5580000)
 Metaspace       used 92674K, capacity 100086K, committed 100224K, reserved 1136640K
  class space    used 11887K, capacity 13331K, committed 13440K, reserved 1048576K
}
Event: 12164.645 GC heap before
{Heap before GC invocations=105 (full 6):
 PSYoungGen      total 145920K, used 133975K [0x00000000f5580000, 0x00000000ffd00000, 0x0000000100000000)
  eden space 120320K, 100% used [0x00000000f5580000,0x00000000fcb00000,0x00000000fcb00000)
  from space 25600K, 53% used [0x00000000fe400000,0x00000000ff155d30,0x00000000ffd00000)
  to   space 25600K, 0% used [0x00000000fcb00000,0x00000000fcb00000,0x00000000fe400000)
 ParOldGen       total 349696K, used 180812K [0x00000000e0000000, 0x00000000f5580000, 0x00000000f5580000)
  object space 349696K, 51% used [0x00000000e0000000,0x00000000eb093120,0x00000000f5580000)
 Metaspace       used 92742K, capacity 100214K, committed 100480K, reserved 1136640K
  class space    used 11887K, capacity 13331K, committed 13440K, reserved 1048576K
Event: 12164.657 GC heap after
Heap after GC invocations=105 (full 6):
 PSYoungGen      total 145920K, used 8700K [0x00000000f5580000, 0x00000000fff00000, 0x0000000100000000)
  eden space 120320K, 0% used [0x00000000f5580000,0x00000000f5580000,0x00000000fcb00000)
  from space 25600K, 33% used [0x00000000fcb00000,0x00000000fd37f2c0,0x00000000fe400000)
  to   space 25088K, 0% used [0x00000000fe680000,0x00000000fe680000,0x00000000fff00000)
 ParOldGen       total 349696K, used 185590K [0x00000000e0000000, 0x00000000f5580000, 0x00000000f5580000)
  object space 349696K, 53% used [0x00000000e0000000,0x00000000eb53da08,0x00000000f5580000)
 Metaspace       used 92742K, capacity 100214K, committed 100480K, reserved 1136640K
  class space    used 11887K, capacity 13331K, committed 13440K, reserved 1048576K
}
Event: 12166.797 GC heap before
{Heap before GC invocations=106 (full 6):
 PSYoungGen      total 145920K, used 129020K [0x00000000f5580000, 0x00000000fff00000, 0x0000000100000000)
  eden space 120320K, 100% used [0x00000000f5580000,0x00000000fcb00000,0x00000000fcb00000)
  from space 25600K, 33% used [0x00000000fcb00000,0x00000000fd37f2c0,0x00000000fe400000)
  to   space 25088K, 0% used [0x00000000fe680000,0x00000000fe680000,0x00000000fff00000)
 ParOldGen       total 349696K, used 185590K [0x00000000e0000000, 0x00000000f5580000, 0x00000000f5580000)
  object space 349696K, 53% used [0x00000000e0000000,0x00000000eb53da08,0x00000000f5580000)
 Metaspace       used 92742K, capacity 100214K, committed 100480K, reserved 1136640K
  class space    used 11887K, capacity 13331K, committed 13440K, reserved 1048576K
Event: 12166.817 GC heap after
Heap after GC invocations=106 (full 6):
 PSYoungGen      total 148480K, used 16416K [0x00000000f5580000, 0x00000000fff80000, 0x0000000100000000)
  eden space 123392K, 0% used [0x00000000f5580000,0x00000000f5580000,0x00000000fce00000)
  from space 25088K, 65% used [0x00000000fe680000,0x00000000ff688370,0x00000000fff00000)
  to   space 25088K, 0% used [0x00000000fce00000,0x00000000fce00000,0x00000000fe680000)
 ParOldGen       total 349696K, used 187398K [0x00000000e0000000, 0x00000000f5580000, 0x00000000f5580000)
  object space 349696K, 53% used [0x00000000e0000000,0x00000000eb701a18,0x00000000f5580000)
 Metaspace       used 92742K, capacity 100214K, committed 100480K, reserved 1136640K
  class space    used 11887K, capacity 13331K, committed 13440K, reserved 1048576K
}

